2019/06/13 16:14:37 [error] [system.db.CDbCommand] CDbCommand::fetchAll() failed: SQLSTATE[42S02]: Base table or view not found: 1146 Table 'swoperdev.swo_notification' doesn't exist. The SQL statement executed was: select a.note_type, count(a.id) as num
				from swoperdev.swo_notification a, swoperdev.swo_notification_user b 
				where b.username='test' and a.system_id='sal'
				and a.id=b.note_id and b.status<>'C'
				group by a.note_type
			.
in D:\xampp\htdocs\sa-new\protected\controllers\AjaxController.php (134)
in D:\xampp\htdocs\sa-new\index.php (13)
2019/06/13 16:14:37 [error] [exception.CDbException] exception 'CDbException' with message 'CDbCommand 无法执行 SQL 语句: SQLSTATE[42S02]: Base table or view not found: 1146 Table 'swoperdev.swo_notification' doesn't exist. The SQL statement executed was: select a.note_type, count(a.id) as num
				from swoperdev.swo_notification a, swoperdev.swo_notification_user b 
				where b.username='test' and a.system_id='sal'
				and a.id=b.note_id and b.status<>'C'
				group by a.note_type
			' in D:\xampp\htdocs\yii\framework\db\CDbCommand.php:528
Stack trace:
#0 D:\xampp\htdocs\yii\framework\db\CDbCommand.php(390): CDbCommand->queryInternal('fetchAll', Array, Array)
#1 D:\xampp\htdocs\sa-new\protected\controllers\AjaxController.php(134): CDbCommand->queryAll()
#2 D:\xampp\htdocs\yii\framework\web\actions\CInlineAction.php(50): AjaxController->actionNotify()
#3 D:\xampp\htdocs\yii\framework\web\CController.php(309): CInlineAction->runWithParams(Array)
#4 D:\xampp\htdocs\yii\framework\web\filters\CFilterChain.php(134): CController->runAction(Object(CInlineAction))
#5 D:\xampp\htdocs\yii\framework\web\filters\CFilter.php(41): CFilterChain->run()
#6 D:\xampp\htdocs\yii\framework\web\CController.php(1146): CFilter->filter(Object(CFilterChain))
#7 D:\xampp\htdocs\yii\framework\web\filters\CInlineFilter.php(59): CController->filterAccessControl(Object(CFilterChain))
#8 D:\xampp\htdocs\yii\framework\web\filters\CFilterChain.php(131): CInlineFilter->filter(Object(CFilterChain))
#9 D:\xampp\htdocs\yii\framework\web\CController.php(292): CFilterChain->run()
#10 D:\xampp\htdocs\yii\framework\web\CController.php(266): CController->runActionWithFilters(Object(CInlineAction), Array)
#11 D:\xampp\htdocs\yii\framework\web\CWebApplication.php(283): CController->run('notify')
#12 D:\xampp\htdocs\yii\framework\web\CWebApplication.php(142): CWebApplication->runController('ajax/notify')
#13 D:\xampp\htdocs\yii\framework\base\CApplication.php(162): CWebApplication->processRequest()
#14 D:\xampp\htdocs\sa-new\index.php(13): CApplication->run()
#15 {main}
REQUEST_URI=/sa-new/ajax/notify
HTTP_REFERER=http://192.168.3.25/sa-new/visit/index
---
2019/06/13 16:14:41 [error] [system.db.CDbCommand] CDbCommand::fetchAll() failed: SQLSTATE[42S02]: Base table or view not found: 1146 Table 'swoperdev.swo_notification' doesn't exist. The SQL statement executed was: select a.note_type, count(a.id) as num
				from swoperdev.swo_notification a, swoperdev.swo_notification_user b 
				where b.username='test' and a.system_id='sal'
				and a.id=b.note_id and b.status<>'C'
				group by a.note_type
			.
in D:\xampp\htdocs\sa-new\protected\controllers\AjaxController.php (134)
in D:\xampp\htdocs\sa-new\index.php (13)
2019/06/13 16:14:41 [error] [exception.CDbException] exception 'CDbException' with message 'CDbCommand 无法执行 SQL 语句: SQLSTATE[42S02]: Base table or view not found: 1146 Table 'swoperdev.swo_notification' doesn't exist. The SQL statement executed was: select a.note_type, count(a.id) as num
				from swoperdev.swo_notification a, swoperdev.swo_notification_user b 
				where b.username='test' and a.system_id='sal'
				and a.id=b.note_id and b.status<>'C'
				group by a.note_type
			' in D:\xampp\htdocs\yii\framework\db\CDbCommand.php:528
Stack trace:
#0 D:\xampp\htdocs\yii\framework\db\CDbCommand.php(390): CDbCommand->queryInternal('fetchAll', Array, Array)
#1 D:\xampp\htdocs\sa-new\protected\controllers\AjaxController.php(134): CDbCommand->queryAll()
#2 D:\xampp\htdocs\yii\framework\web\actions\CInlineAction.php(50): AjaxController->actionNotify()
#3 D:\xampp\htdocs\yii\framework\web\CController.php(309): CInlineAction->runWithParams(Array)
#4 D:\xampp\htdocs\yii\framework\web\filters\CFilterChain.php(134): CController->runAction(Object(CInlineAction))
#5 D:\xampp\htdocs\yii\framework\web\filters\CFilter.php(41): CFilterChain->run()
#6 D:\xampp\htdocs\yii\framework\web\CController.php(1146): CFilter->filter(Object(CFilterChain))
#7 D:\xampp\htdocs\yii\framework\web\filters\CInlineFilter.php(59): CController->filterAccessControl(Object(CFilterChain))
#8 D:\xampp\htdocs\yii\framework\web\filters\CFilterChain.php(131): CInlineFilter->filter(Object(CFilterChain))
#9 D:\xampp\htdocs\yii\framework\web\CController.php(292): CFilterChain->run()
#10 D:\xampp\htdocs\yii\framework\web\CController.php(266): CController->runActionWithFilters(Object(CInlineAction), Array)
#11 D:\xampp\htdocs\yii\framework\web\CWebApplication.php(283): CController->run('notify')
#12 D:\xampp\htdocs\yii\framework\web\CWebApplication.php(142): CWebApplication->runController('ajax/notify')
#13 D:\xampp\htdocs\yii\framework\base\CApplication.php(162): CWebApplication->processRequest()
#14 D:\xampp\htdocs\sa-new\index.php(13): CApplication->run()
#15 {main}
REQUEST_URI=/sa-new/ajax/notify
HTTP_REFERER=http://192.168.3.25/sa-new/visit/new
---
2019/06/13 16:14:54 [warning] [application] Failed to set unsafe attribute "scenario" of "VisitForm".
in D:\xampp\htdocs\sa-new\protected\controllers\VisitController.php (70)
in D:\xampp\htdocs\sa-new\protected\components\Controller.php (75)
in D:\xampp\htdocs\sa-new\protected\components\Controller.php (100)
2019/06/13 16:14:55 [error] [system.db.CDbCommand] CDbCommand::fetchAll() failed: SQLSTATE[42S02]: Base table or view not found: 1146 Table 'swoperdev.swo_notification' doesn't exist. The SQL statement executed was: select a.note_type, count(a.id) as num
				from swoperdev.swo_notification a, swoperdev.swo_notification_user b 
				where b.username='test' and a.system_id='sal'
				and a.id=b.note_id and b.status<>'C'
				group by a.note_type
			.
in D:\xampp\htdocs\sa-new\protected\controllers\AjaxController.php (134)
in D:\xampp\htdocs\sa-new\index.php (13)
2019/06/13 16:14:55 [error] [exception.CDbException] exception 'CDbException' with message 'CDbCommand 无法执行 SQL 语句: SQLSTATE[42S02]: Base table or view not found: 1146 Table 'swoperdev.swo_notification' doesn't exist. The SQL statement executed was: select a.note_type, count(a.id) as num
				from swoperdev.swo_notification a, swoperdev.swo_notification_user b 
				where b.username='test' and a.system_id='sal'
				and a.id=b.note_id and b.status<>'C'
				group by a.note_type
			' in D:\xampp\htdocs\yii\framework\db\CDbCommand.php:528
Stack trace:
#0 D:\xampp\htdocs\yii\framework\db\CDbCommand.php(390): CDbCommand->queryInternal('fetchAll', Array, Array)
#1 D:\xampp\htdocs\sa-new\protected\controllers\AjaxController.php(134): CDbCommand->queryAll()
#2 D:\xampp\htdocs\yii\framework\web\actions\CInlineAction.php(50): AjaxController->actionNotify()
#3 D:\xampp\htdocs\yii\framework\web\CController.php(309): CInlineAction->runWithParams(Array)
#4 D:\xampp\htdocs\yii\framework\web\filters\CFilterChain.php(134): CController->runAction(Object(CInlineAction))
#5 D:\xampp\htdocs\yii\framework\web\filters\CFilter.php(41): CFilterChain->run()
#6 D:\xampp\htdocs\yii\framework\web\CController.php(1146): CFilter->filter(Object(CFilterChain))
#7 D:\xampp\htdocs\yii\framework\web\filters\CInlineFilter.php(59): CController->filterAccessControl(Object(CFilterChain))
#8 D:\xampp\htdocs\yii\framework\web\filters\CFilterChain.php(131): CInlineFilter->filter(Object(CFilterChain))
#9 D:\xampp\htdocs\yii\framework\web\CController.php(292): CFilterChain->run()
#10 D:\xampp\htdocs\yii\framework\web\CController.php(266): CController->runActionWithFilters(Object(CInlineAction), Array)
#11 D:\xampp\htdocs\yii\framework\web\CWebApplication.php(283): CController->run('notify')
#12 D:\xampp\htdocs\yii\framework\web\CWebApplication.php(142): CWebApplication->runController('ajax/notify')
#13 D:\xampp\htdocs\yii\framework\base\CApplication.php(162): CWebApplication->processRequest()
#14 D:\xampp\htdocs\sa-new\index.php(13): CApplication->run()
#15 {main}
REQUEST_URI=/sa-new/ajax/notify
HTTP_REFERER=http://192.168.3.25/sa-new/visit/save
---
2019/06/13 16:15:05 [warning] [application] Failed to set unsafe attribute "scenario" of "VisitForm".
in D:\xampp\htdocs\sa-new\protected\controllers\VisitController.php (70)
in D:\xampp\htdocs\sa-new\protected\components\Controller.php (75)
in D:\xampp\htdocs\sa-new\protected\components\Controller.php (100)
2019/06/13 16:15:06 [error] [system.db.CDbCommand] CDbCommand::fetchAll() failed: SQLSTATE[42S02]: Base table or view not found: 1146 Table 'swoperdev.swo_notification' doesn't exist. The SQL statement executed was: select a.note_type, count(a.id) as num
				from swoperdev.swo_notification a, swoperdev.swo_notification_user b 
				where b.username='test' and a.system_id='sal'
				and a.id=b.note_id and b.status<>'C'
				group by a.note_type
			.
in D:\xampp\htdocs\sa-new\protected\controllers\AjaxController.php (134)
in D:\xampp\htdocs\sa-new\index.php (13)
2019/06/13 16:15:06 [error] [exception.CDbException] exception 'CDbException' with message 'CDbCommand 无法执行 SQL 语句: SQLSTATE[42S02]: Base table or view not found: 1146 Table 'swoperdev.swo_notification' doesn't exist. The SQL statement executed was: select a.note_type, count(a.id) as num
				from swoperdev.swo_notification a, swoperdev.swo_notification_user b 
				where b.username='test' and a.system_id='sal'
				and a.id=b.note_id and b.status<>'C'
				group by a.note_type
			' in D:\xampp\htdocs\yii\framework\db\CDbCommand.php:528
Stack trace:
#0 D:\xampp\htdocs\yii\framework\db\CDbCommand.php(390): CDbCommand->queryInternal('fetchAll', Array, Array)
#1 D:\xampp\htdocs\sa-new\protected\controllers\AjaxController.php(134): CDbCommand->queryAll()
#2 D:\xampp\htdocs\yii\framework\web\actions\CInlineAction.php(50): AjaxController->actionNotify()
#3 D:\xampp\htdocs\yii\framework\web\CController.php(309): CInlineAction->runWithParams(Array)
#4 D:\xampp\htdocs\yii\framework\web\filters\CFilterChain.php(134): CController->runAction(Object(CInlineAction))
#5 D:\xampp\htdocs\yii\framework\web\filters\CFilter.php(41): CFilterChain->run()
#6 D:\xampp\htdocs\yii\framework\web\CController.php(1146): CFilter->filter(Object(CFilterChain))
#7 D:\xampp\htdocs\yii\framework\web\filters\CInlineFilter.php(59): CController->filterAccessControl(Object(CFilterChain))
#8 D:\xampp\htdocs\yii\framework\web\filters\CFilterChain.php(131): CInlineFilter->filter(Object(CFilterChain))
#9 D:\xampp\htdocs\yii\framework\web\CController.php(292): CFilterChain->run()
#10 D:\xampp\htdocs\yii\framework\web\CController.php(266): CController->runActionWithFilters(Object(CInlineAction), Array)
#11 D:\xampp\htdocs\yii\framework\web\CWebApplication.php(283): CController->run('notify')
#12 D:\xampp\htdocs\yii\framework\web\CWebApplication.php(142): CWebApplication->runController('ajax/notify')
#13 D:\xampp\htdocs\yii\framework\base\CApplication.php(162): CWebApplication->processRequest()
#14 D:\xampp\htdocs\sa-new\index.php(13): CApplication->run()
#15 {main}
REQUEST_URI=/sa-new/ajax/notify
HTTP_REFERER=http://192.168.3.25/sa-new/visit/save
---
2019/06/13 16:15:08 [error] [system.db.CDbCommand] CDbCommand::fetchAll() failed: SQLSTATE[42S02]: Base table or view not found: 1146 Table 'swoperdev.swo_notification' doesn't exist. The SQL statement executed was: select a.note_type, count(a.id) as num
				from swoperdev.swo_notification a, swoperdev.swo_notification_user b 
				where b.username='test' and a.system_id='sal'
				and a.id=b.note_id and b.status<>'C'
				group by a.note_type
			.
in D:\xampp\htdocs\sa-new\protected\controllers\AjaxController.php (134)
in D:\xampp\htdocs\sa-new\index.php (13)
2019/06/13 16:15:08 [error] [exception.CDbException] exception 'CDbException' with message 'CDbCommand 无法执行 SQL 语句: SQLSTATE[42S02]: Base table or view not found: 1146 Table 'swoperdev.swo_notification' doesn't exist. The SQL statement executed was: select a.note_type, count(a.id) as num
				from swoperdev.swo_notification a, swoperdev.swo_notification_user b 
				where b.username='test' and a.system_id='sal'
				and a.id=b.note_id and b.status<>'C'
				group by a.note_type
			' in D:\xampp\htdocs\yii\framework\db\CDbCommand.php:528
Stack trace:
#0 D:\xampp\htdocs\yii\framework\db\CDbCommand.php(390): CDbCommand->queryInternal('fetchAll', Array, Array)
#1 D:\xampp\htdocs\sa-new\protected\controllers\AjaxController.php(134): CDbCommand->queryAll()
#2 D:\xampp\htdocs\yii\framework\web\actions\CInlineAction.php(50): AjaxController->actionNotify()
#3 D:\xampp\htdocs\yii\framework\web\CController.php(309): CInlineAction->runWithParams(Array)
#4 D:\xampp\htdocs\yii\framework\web\filters\CFilterChain.php(134): CController->runAction(Object(CInlineAction))
#5 D:\xampp\htdocs\yii\framework\web\filters\CFilter.php(41): CFilterChain->run()
#6 D:\xampp\htdocs\yii\framework\web\CController.php(1146): CFilter->filter(Object(CFilterChain))
#7 D:\xampp\htdocs\yii\framework\web\filters\CInlineFilter.php(59): CController->filterAccessControl(Object(CFilterChain))
#8 D:\xampp\htdocs\yii\framework\web\filters\CFilterChain.php(131): CInlineFilter->filter(Object(CFilterChain))
#9 D:\xampp\htdocs\yii\framework\web\CController.php(292): CFilterChain->run()
#10 D:\xampp\htdocs\yii\framework\web\CController.php(266): CController->runActionWithFilters(Object(CInlineAction), Array)
#11 D:\xampp\htdocs\yii\framework\web\CWebApplication.php(283): CController->run('notify')
#12 D:\xampp\htdocs\yii\framework\web\CWebApplication.php(142): CWebApplication->runController('ajax/notify')
#13 D:\xampp\htdocs\yii\framework\base\CApplication.php(162): CWebApplication->processRequest()
#14 D:\xampp\htdocs\sa-new\index.php(13): CApplication->run()
#15 {main}
REQUEST_URI=/sa-new/ajax/notify
HTTP_REFERER=http://192.168.3.25/sa-new/visit/index
---
2019/06/13 16:15:09 [error] [system.db.CDbCommand] CDbCommand::fetchAll() failed: SQLSTATE[42S02]: Base table or view not found: 1146 Table 'swoperdev.swo_notification' doesn't exist. The SQL statement executed was: select a.note_type, count(a.id) as num
				from swoperdev.swo_notification a, swoperdev.swo_notification_user b 
				where b.username='test' and a.system_id='sal'
				and a.id=b.note_id and b.status<>'C'
				group by a.note_type
			.
in D:\xampp\htdocs\sa-new\protected\controllers\AjaxController.php (134)
in D:\xampp\htdocs\sa-new\index.php (13)
2019/06/13 16:15:09 [error] [exception.CDbException] exception 'CDbException' with message 'CDbCommand 无法执行 SQL 语句: SQLSTATE[42S02]: Base table or view not found: 1146 Table 'swoperdev.swo_notification' doesn't exist. The SQL statement executed was: select a.note_type, count(a.id) as num
				from swoperdev.swo_notification a, swoperdev.swo_notification_user b 
				where b.username='test' and a.system_id='sal'
				and a.id=b.note_id and b.status<>'C'
				group by a.note_type
			' in D:\xampp\htdocs\yii\framework\db\CDbCommand.php:528
Stack trace:
#0 D:\xampp\htdocs\yii\framework\db\CDbCommand.php(390): CDbCommand->queryInternal('fetchAll', Array, Array)
#1 D:\xampp\htdocs\sa-new\protected\controllers\AjaxController.php(134): CDbCommand->queryAll()
#2 D:\xampp\htdocs\yii\framework\web\actions\CInlineAction.php(50): AjaxController->actionNotify()
#3 D:\xampp\htdocs\yii\framework\web\CController.php(309): CInlineAction->runWithParams(Array)
#4 D:\xampp\htdocs\yii\framework\web\filters\CFilterChain.php(134): CController->runAction(Object(CInlineAction))
#5 D:\xampp\htdocs\yii\framework\web\filters\CFilter.php(41): CFilterChain->run()
#6 D:\xampp\htdocs\yii\framework\web\CController.php(1146): CFilter->filter(Object(CFilterChain))
#7 D:\xampp\htdocs\yii\framework\web\filters\CInlineFilter.php(59): CController->filterAccessControl(Object(CFilterChain))
#8 D:\xampp\htdocs\yii\framework\web\filters\CFilterChain.php(131): CInlineFilter->filter(Object(CFilterChain))
#9 D:\xampp\htdocs\yii\framework\web\CController.php(292): CFilterChain->run()
#10 D:\xampp\htdocs\yii\framework\web\CController.php(266): CController->runActionWithFilters(Object(CInlineAction), Array)
#11 D:\xampp\htdocs\yii\framework\web\CWebApplication.php(283): CController->run('notify')
#12 D:\xampp\htdocs\yii\framework\web\CWebApplication.php(142): CWebApplication->runController('ajax/notify')
#13 D:\xampp\htdocs\yii\framework\base\CApplication.php(162): CWebApplication->processRequest()
#14 D:\xampp\htdocs\sa-new\index.php(13): CApplication->run()
#15 {main}
REQUEST_URI=/sa-new/ajax/notify
HTTP_REFERER=http://192.168.3.25/sa-new/visit/new
---
2019/06/13 16:15:25 [warning] [application] Failed to set unsafe attribute "scenario" of "VisitForm".
in D:\xampp\htdocs\sa-new\protected\controllers\VisitController.php (70)
in D:\xampp\htdocs\sa-new\protected\components\Controller.php (75)
in D:\xampp\htdocs\sa-new\protected\components\Controller.php (100)
2019/06/13 16:15:26 [error] [system.db.CDbCommand] CDbCommand::fetchAll() failed: SQLSTATE[42S02]: Base table or view not found: 1146 Table 'swoperdev.swo_notification' doesn't exist. The SQL statement executed was: select a.note_type, count(a.id) as num
				from swoperdev.swo_notification a, swoperdev.swo_notification_user b 
				where b.username='test' and a.system_id='sal'
				and a.id=b.note_id and b.status<>'C'
				group by a.note_type
			.
in D:\xampp\htdocs\sa-new\protected\controllers\AjaxController.php (134)
in D:\xampp\htdocs\sa-new\index.php (13)
2019/06/13 16:15:26 [error] [exception.CDbException] exception 'CDbException' with message 'CDbCommand 无法执行 SQL 语句: SQLSTATE[42S02]: Base table or view not found: 1146 Table 'swoperdev.swo_notification' doesn't exist. The SQL statement executed was: select a.note_type, count(a.id) as num
				from swoperdev.swo_notification a, swoperdev.swo_notification_user b 
				where b.username='test' and a.system_id='sal'
				and a.id=b.note_id and b.status<>'C'
				group by a.note_type
			' in D:\xampp\htdocs\yii\framework\db\CDbCommand.php:528
Stack trace:
#0 D:\xampp\htdocs\yii\framework\db\CDbCommand.php(390): CDbCommand->queryInternal('fetchAll', Array, Array)
#1 D:\xampp\htdocs\sa-new\protected\controllers\AjaxController.php(134): CDbCommand->queryAll()
#2 D:\xampp\htdocs\yii\framework\web\actions\CInlineAction.php(50): AjaxController->actionNotify()
#3 D:\xampp\htdocs\yii\framework\web\CController.php(309): CInlineAction->runWithParams(Array)
#4 D:\xampp\htdocs\yii\framework\web\filters\CFilterChain.php(134): CController->runAction(Object(CInlineAction))
#5 D:\xampp\htdocs\yii\framework\web\filters\CFilter.php(41): CFilterChain->run()
#6 D:\xampp\htdocs\yii\framework\web\CController.php(1146): CFilter->filter(Object(CFilterChain))
#7 D:\xampp\htdocs\yii\framework\web\filters\CInlineFilter.php(59): CController->filterAccessControl(Object(CFilterChain))
#8 D:\xampp\htdocs\yii\framework\web\filters\CFilterChain.php(131): CInlineFilter->filter(Object(CFilterChain))
#9 D:\xampp\htdocs\yii\framework\web\CController.php(292): CFilterChain->run()
#10 D:\xampp\htdocs\yii\framework\web\CController.php(266): CController->runActionWithFilters(Object(CInlineAction), Array)
#11 D:\xampp\htdocs\yii\framework\web\CWebApplication.php(283): CController->run('notify')
#12 D:\xampp\htdocs\yii\framework\web\CWebApplication.php(142): CWebApplication->runController('ajax/notify')
#13 D:\xampp\htdocs\yii\framework\base\CApplication.php(162): CWebApplication->processRequest()
#14 D:\xampp\htdocs\sa-new\index.php(13): CApplication->run()
#15 {main}
REQUEST_URI=/sa-new/ajax/notify
HTTP_REFERER=http://192.168.3.25/sa-new/visit/save
---
2019/06/13 16:15:33 [warning] [application] Failed to set unsafe attribute "scenario" of "VisitForm".
in D:\xampp\htdocs\sa-new\protected\controllers\VisitController.php (70)
in D:\xampp\htdocs\sa-new\protected\components\Controller.php (75)
in D:\xampp\htdocs\sa-new\protected\components\Controller.php (100)
2019/06/13 16:15:34 [error] [system.db.CDbCommand] CDbCommand::fetchAll() failed: SQLSTATE[42S02]: Base table or view not found: 1146 Table 'swoperdev.swo_notification' doesn't exist. The SQL statement executed was: select a.note_type, count(a.id) as num
				from swoperdev.swo_notification a, swoperdev.swo_notification_user b 
				where b.username='test' and a.system_id='sal'
				and a.id=b.note_id and b.status<>'C'
				group by a.note_type
			.
in D:\xampp\htdocs\sa-new\protected\controllers\AjaxController.php (134)
in D:\xampp\htdocs\sa-new\index.php (13)
2019/06/13 16:15:34 [error] [exception.CDbException] exception 'CDbException' with message 'CDbCommand 无法执行 SQL 语句: SQLSTATE[42S02]: Base table or view not found: 1146 Table 'swoperdev.swo_notification' doesn't exist. The SQL statement executed was: select a.note_type, count(a.id) as num
				from swoperdev.swo_notification a, swoperdev.swo_notification_user b 
				where b.username='test' and a.system_id='sal'
				and a.id=b.note_id and b.status<>'C'
				group by a.note_type
			' in D:\xampp\htdocs\yii\framework\db\CDbCommand.php:528
Stack trace:
#0 D:\xampp\htdocs\yii\framework\db\CDbCommand.php(390): CDbCommand->queryInternal('fetchAll', Array, Array)
#1 D:\xampp\htdocs\sa-new\protected\controllers\AjaxController.php(134): CDbCommand->queryAll()
#2 D:\xampp\htdocs\yii\framework\web\actions\CInlineAction.php(50): AjaxController->actionNotify()
#3 D:\xampp\htdocs\yii\framework\web\CController.php(309): CInlineAction->runWithParams(Array)
#4 D:\xampp\htdocs\yii\framework\web\filters\CFilterChain.php(134): CController->runAction(Object(CInlineAction))
#5 D:\xampp\htdocs\yii\framework\web\filters\CFilter.php(41): CFilterChain->run()
#6 D:\xampp\htdocs\yii\framework\web\CController.php(1146): CFilter->filter(Object(CFilterChain))
#7 D:\xampp\htdocs\yii\framework\web\filters\CInlineFilter.php(59): CController->filterAccessControl(Object(CFilterChain))
#8 D:\xampp\htdocs\yii\framework\web\filters\CFilterChain.php(131): CInlineFilter->filter(Object(CFilterChain))
#9 D:\xampp\htdocs\yii\framework\web\CController.php(292): CFilterChain->run()
#10 D:\xampp\htdocs\yii\framework\web\CController.php(266): CController->runActionWithFilters(Object(CInlineAction), Array)
#11 D:\xampp\htdocs\yii\framework\web\CWebApplication.php(283): CController->run('notify')
#12 D:\xampp\htdocs\yii\framework\web\CWebApplication.php(142): CWebApplication->runController('ajax/notify')
#13 D:\xampp\htdocs\yii\framework\base\CApplication.php(162): CWebApplication->processRequest()
#14 D:\xampp\htdocs\sa-new\index.php(13): CApplication->run()
#15 {main}
REQUEST_URI=/sa-new/ajax/notify
HTTP_REFERER=http://192.168.3.25/sa-new/visit/edit?index=45
---
2019/06/13 16:15:54 [warning] [application] Failed to set unsafe attribute "scenario" of "VisitForm".
in D:\xampp\htdocs\sa-new\protected\controllers\VisitController.php (70)
in D:\xampp\htdocs\sa-new\protected\components\Controller.php (75)
in D:\xampp\htdocs\sa-new\protected\components\Controller.php (100)
2019/06/13 16:15:54 [error] [system.db.CDbCommand] CDbCommand::fetchAll() failed: SQLSTATE[42S02]: Base table or view not found: 1146 Table 'swoperdev.swo_notification' doesn't exist. The SQL statement executed was: select a.note_type, count(a.id) as num
				from swoperdev.swo_notification a, swoperdev.swo_notification_user b 
				where b.username='test' and a.system_id='sal'
				and a.id=b.note_id and b.status<>'C'
				group by a.note_type
			.
in D:\xampp\htdocs\sa-new\protected\controllers\AjaxController.php (134)
in D:\xampp\htdocs\sa-new\index.php (13)
2019/06/13 16:15:54 [error] [exception.CDbException] exception 'CDbException' with message 'CDbCommand 无法执行 SQL 语句: SQLSTATE[42S02]: Base table or view not found: 1146 Table 'swoperdev.swo_notification' doesn't exist. The SQL statement executed was: select a.note_type, count(a.id) as num
				from swoperdev.swo_notification a, swoperdev.swo_notification_user b 
				where b.username='test' and a.system_id='sal'
				and a.id=b.note_id and b.status<>'C'
				group by a.note_type
			' in D:\xampp\htdocs\yii\framework\db\CDbCommand.php:528
Stack trace:
#0 D:\xampp\htdocs\yii\framework\db\CDbCommand.php(390): CDbCommand->queryInternal('fetchAll', Array, Array)
#1 D:\xampp\htdocs\sa-new\protected\controllers\AjaxController.php(134): CDbCommand->queryAll()
#2 D:\xampp\htdocs\yii\framework\web\actions\CInlineAction.php(50): AjaxController->actionNotify()
#3 D:\xampp\htdocs\yii\framework\web\CController.php(309): CInlineAction->runWithParams(Array)
#4 D:\xampp\htdocs\yii\framework\web\filters\CFilterChain.php(134): CController->runAction(Object(CInlineAction))
#5 D:\xampp\htdocs\yii\framework\web\filters\CFilter.php(41): CFilterChain->run()
#6 D:\xampp\htdocs\yii\framework\web\CController.php(1146): CFilter->filter(Object(CFilterChain))
#7 D:\xampp\htdocs\yii\framework\web\filters\CInlineFilter.php(59): CController->filterAccessControl(Object(CFilterChain))
#8 D:\xampp\htdocs\yii\framework\web\filters\CFilterChain.php(131): CInlineFilter->filter(Object(CFilterChain))
#9 D:\xampp\htdocs\yii\framework\web\CController.php(292): CFilterChain->run()
#10 D:\xampp\htdocs\yii\framework\web\CController.php(266): CController->runActionWithFilters(Object(CInlineAction), Array)
#11 D:\xampp\htdocs\yii\framework\web\CWebApplication.php(283): CController->run('notify')
#12 D:\xampp\htdocs\yii\framework\web\CWebApplication.php(142): CWebApplication->runController('ajax/notify')
#13 D:\xampp\htdocs\yii\framework\base\CApplication.php(162): CWebApplication->processRequest()
#14 D:\xampp\htdocs\sa-new\index.php(13): CApplication->run()
#15 {main}
REQUEST_URI=/sa-new/ajax/notify
HTTP_REFERER=http://192.168.3.25/sa-new/visit/edit?index=45
---
2019/06/13 16:16:07 [warning] [application] Failed to set unsafe attribute "scenario" of "VisitForm".
in D:\xampp\htdocs\sa-new\protected\controllers\VisitController.php (70)
in D:\xampp\htdocs\sa-new\protected\components\Controller.php (75)
in D:\xampp\htdocs\sa-new\protected\components\Controller.php (100)
2019/06/13 16:16:07 [error] [system.db.CDbCommand] CDbCommand::fetchAll() failed: SQLSTATE[42S02]: Base table or view not found: 1146 Table 'swoperdev.swo_notification' doesn't exist. The SQL statement executed was: select a.note_type, count(a.id) as num
				from swoperdev.swo_notification a, swoperdev.swo_notification_user b 
				where b.username='test' and a.system_id='sal'
				and a.id=b.note_id and b.status<>'C'
				group by a.note_type
			.
in D:\xampp\htdocs\sa-new\protected\controllers\AjaxController.php (134)
in D:\xampp\htdocs\sa-new\index.php (13)
2019/06/13 16:16:07 [error] [exception.CDbException] exception 'CDbException' with message 'CDbCommand 无法执行 SQL 语句: SQLSTATE[42S02]: Base table or view not found: 1146 Table 'swoperdev.swo_notification' doesn't exist. The SQL statement executed was: select a.note_type, count(a.id) as num
				from swoperdev.swo_notification a, swoperdev.swo_notification_user b 
				where b.username='test' and a.system_id='sal'
				and a.id=b.note_id and b.status<>'C'
				group by a.note_type
			' in D:\xampp\htdocs\yii\framework\db\CDbCommand.php:528
Stack trace:
#0 D:\xampp\htdocs\yii\framework\db\CDbCommand.php(390): CDbCommand->queryInternal('fetchAll', Array, Array)
#1 D:\xampp\htdocs\sa-new\protected\controllers\AjaxController.php(134): CDbCommand->queryAll()
#2 D:\xampp\htdocs\yii\framework\web\actions\CInlineAction.php(50): AjaxController->actionNotify()
#3 D:\xampp\htdocs\yii\framework\web\CController.php(309): CInlineAction->runWithParams(Array)
#4 D:\xampp\htdocs\yii\framework\web\filters\CFilterChain.php(134): CController->runAction(Object(CInlineAction))
#5 D:\xampp\htdocs\yii\framework\web\filters\CFilter.php(41): CFilterChain->run()
#6 D:\xampp\htdocs\yii\framework\web\CController.php(1146): CFilter->filter(Object(CFilterChain))
#7 D:\xampp\htdocs\yii\framework\web\filters\CInlineFilter.php(59): CController->filterAccessControl(Object(CFilterChain))
#8 D:\xampp\htdocs\yii\framework\web\filters\CFilterChain.php(131): CInlineFilter->filter(Object(CFilterChain))
#9 D:\xampp\htdocs\yii\framework\web\CController.php(292): CFilterChain->run()
#10 D:\xampp\htdocs\yii\framework\web\CController.php(266): CController->runActionWithFilters(Object(CInlineAction), Array)
#11 D:\xampp\htdocs\yii\framework\web\CWebApplication.php(283): CController->run('notify')
#12 D:\xampp\htdocs\yii\framework\web\CWebApplication.php(142): CWebApplication->runController('ajax/notify')
#13 D:\xampp\htdocs\yii\framework\base\CApplication.php(162): CWebApplication->processRequest()
#14 D:\xampp\htdocs\sa-new\index.php(13): CApplication->run()
#15 {main}
REQUEST_URI=/sa-new/ajax/notify
HTTP_REFERER=http://192.168.3.25/sa-new/visit/edit?index=45
---
2019/06/13 16:16:10 [error] [system.db.CDbCommand] CDbCommand::fetchAll() failed: SQLSTATE[42S02]: Base table or view not found: 1146 Table 'swoperdev.swo_notification' doesn't exist. The SQL statement executed was: select a.note_type, count(a.id) as num
				from swoperdev.swo_notification a, swoperdev.swo_notification_user b 
				where b.username='test' and a.system_id='sal'
				and a.id=b.note_id and b.status<>'C'
				group by a.note_type
			.
in D:\xampp\htdocs\sa-new\protected\controllers\AjaxController.php (134)
in D:\xampp\htdocs\sa-new\index.php (13)
2019/06/13 16:16:10 [error] [exception.CDbException] exception 'CDbException' with message 'CDbCommand 无法执行 SQL 语句: SQLSTATE[42S02]: Base table or view not found: 1146 Table 'swoperdev.swo_notification' doesn't exist. The SQL statement executed was: select a.note_type, count(a.id) as num
				from swoperdev.swo_notification a, swoperdev.swo_notification_user b 
				where b.username='test' and a.system_id='sal'
				and a.id=b.note_id and b.status<>'C'
				group by a.note_type
			' in D:\xampp\htdocs\yii\framework\db\CDbCommand.php:528
Stack trace:
#0 D:\xampp\htdocs\yii\framework\db\CDbCommand.php(390): CDbCommand->queryInternal('fetchAll', Array, Array)
#1 D:\xampp\htdocs\sa-new\protected\controllers\AjaxController.php(134): CDbCommand->queryAll()
#2 D:\xampp\htdocs\yii\framework\web\actions\CInlineAction.php(50): AjaxController->actionNotify()
#3 D:\xampp\htdocs\yii\framework\web\CController.php(309): CInlineAction->runWithParams(Array)
#4 D:\xampp\htdocs\yii\framework\web\filters\CFilterChain.php(134): CController->runAction(Object(CInlineAction))
#5 D:\xampp\htdocs\yii\framework\web\filters\CFilter.php(41): CFilterChain->run()
#6 D:\xampp\htdocs\yii\framework\web\CController.php(1146): CFilter->filter(Object(CFilterChain))
#7 D:\xampp\htdocs\yii\framework\web\filters\CInlineFilter.php(59): CController->filterAccessControl(Object(CFilterChain))
#8 D:\xampp\htdocs\yii\framework\web\filters\CFilterChain.php(131): CInlineFilter->filter(Object(CFilterChain))
#9 D:\xampp\htdocs\yii\framework\web\CController.php(292): CFilterChain->run()
#10 D:\xampp\htdocs\yii\framework\web\CController.php(266): CController->runActionWithFilters(Object(CInlineAction), Array)
#11 D:\xampp\htdocs\yii\framework\web\CWebApplication.php(283): CController->run('notify')
#12 D:\xampp\htdocs\yii\framework\web\CWebApplication.php(142): CWebApplication->runController('ajax/notify')
#13 D:\xampp\htdocs\yii\framework\base\CApplication.php(162): CWebApplication->processRequest()
#14 D:\xampp\htdocs\sa-new\index.php(13): CApplication->run()
#15 {main}
REQUEST_URI=/sa-new/ajax/notify
HTTP_REFERER=http://192.168.3.25/sa-new/visit/index
---
2019/06/13 16:16:13 [error] [system.db.CDbCommand] CDbCommand::fetchAll() failed: SQLSTATE[42S02]: Base table or view not found: 1146 Table 'swoperdev.swo_notification' doesn't exist. The SQL statement executed was: select a.note_type, count(a.id) as num
				from swoperdev.swo_notification a, swoperdev.swo_notification_user b 
				where b.username='test' and a.system_id='sal'
				and a.id=b.note_id and b.status<>'C'
				group by a.note_type
			.
in D:\xampp\htdocs\sa-new\protected\controllers\AjaxController.php (134)
in D:\xampp\htdocs\sa-new\index.php (13)
2019/06/13 16:16:13 [error] [exception.CDbException] exception 'CDbException' with message 'CDbCommand 无法执行 SQL 语句: SQLSTATE[42S02]: Base table or view not found: 1146 Table 'swoperdev.swo_notification' doesn't exist. The SQL statement executed was: select a.note_type, count(a.id) as num
				from swoperdev.swo_notification a, swoperdev.swo_notification_user b 
				where b.username='test' and a.system_id='sal'
				and a.id=b.note_id and b.status<>'C'
				group by a.note_type
			' in D:\xampp\htdocs\yii\framework\db\CDbCommand.php:528
Stack trace:
#0 D:\xampp\htdocs\yii\framework\db\CDbCommand.php(390): CDbCommand->queryInternal('fetchAll', Array, Array)
#1 D:\xampp\htdocs\sa-new\protected\controllers\AjaxController.php(134): CDbCommand->queryAll()
#2 D:\xampp\htdocs\yii\framework\web\actions\CInlineAction.php(50): AjaxController->actionNotify()
#3 D:\xampp\htdocs\yii\framework\web\CController.php(309): CInlineAction->runWithParams(Array)
#4 D:\xampp\htdocs\yii\framework\web\filters\CFilterChain.php(134): CController->runAction(Object(CInlineAction))
#5 D:\xampp\htdocs\yii\framework\web\filters\CFilter.php(41): CFilterChain->run()
#6 D:\xampp\htdocs\yii\framework\web\CController.php(1146): CFilter->filter(Object(CFilterChain))
#7 D:\xampp\htdocs\yii\framework\web\filters\CInlineFilter.php(59): CController->filterAccessControl(Object(CFilterChain))
#8 D:\xampp\htdocs\yii\framework\web\filters\CFilterChain.php(131): CInlineFilter->filter(Object(CFilterChain))
#9 D:\xampp\htdocs\yii\framework\web\CController.php(292): CFilterChain->run()
#10 D:\xampp\htdocs\yii\framework\web\CController.php(266): CController->runActionWithFilters(Object(CInlineAction), Array)
#11 D:\xampp\htdocs\yii\framework\web\CWebApplication.php(283): CController->run('notify')
#12 D:\xampp\htdocs\yii\framework\web\CWebApplication.php(142): CWebApplication->runController('ajax/notify')
#13 D:\xampp\htdocs\yii\framework\base\CApplication.php(162): CWebApplication->processRequest()
#14 D:\xampp\htdocs\sa-new\index.php(13): CApplication->run()
#15 {main}
REQUEST_URI=/sa-new/ajax/notify
HTTP_REFERER=http://192.168.3.25/sa-new/report/performance
---
2019/06/13 16:16:15 [error] [system.db.CDbCommand] CDbCommand::fetchAll() failed: SQLSTATE[42S02]: Base table or view not found: 1146 Table 'swoperdev.swo_notification' doesn't exist. The SQL statement executed was: select a.note_type, count(a.id) as num
				from swoperdev.swo_notification a, swoperdev.swo_notification_user b 
				where b.username='test' and a.system_id='sal'
				and a.id=b.note_id and b.status<>'C'
				group by a.note_type
			.
in D:\xampp\htdocs\sa-new\protected\controllers\AjaxController.php (134)
in D:\xampp\htdocs\sa-new\index.php (13)
2019/06/13 16:16:15 [error] [exception.CDbException] exception 'CDbException' with message 'CDbCommand 无法执行 SQL 语句: SQLSTATE[42S02]: Base table or view not found: 1146 Table 'swoperdev.swo_notification' doesn't exist. The SQL statement executed was: select a.note_type, count(a.id) as num
				from swoperdev.swo_notification a, swoperdev.swo_notification_user b 
				where b.username='test' and a.system_id='sal'
				and a.id=b.note_id and b.status<>'C'
				group by a.note_type
			' in D:\xampp\htdocs\yii\framework\db\CDbCommand.php:528
Stack trace:
#0 D:\xampp\htdocs\yii\framework\db\CDbCommand.php(390): CDbCommand->queryInternal('fetchAll', Array, Array)
#1 D:\xampp\htdocs\sa-new\protected\controllers\AjaxController.php(134): CDbCommand->queryAll()
#2 D:\xampp\htdocs\yii\framework\web\actions\CInlineAction.php(50): AjaxController->actionNotify()
#3 D:\xampp\htdocs\yii\framework\web\CController.php(309): CInlineAction->runWithParams(Array)
#4 D:\xampp\htdocs\yii\framework\web\filters\CFilterChain.php(134): CController->runAction(Object(CInlineAction))
#5 D:\xampp\htdocs\yii\framework\web\filters\CFilter.php(41): CFilterChain->run()
#6 D:\xampp\htdocs\yii\framework\web\CController.php(1146): CFilter->filter(Object(CFilterChain))
#7 D:\xampp\htdocs\yii\framework\web\filters\CInlineFilter.php(59): CController->filterAccessControl(Object(CFilterChain))
#8 D:\xampp\htdocs\yii\framework\web\filters\CFilterChain.php(131): CInlineFilter->filter(Object(CFilterChain))
#9 D:\xampp\htdocs\yii\framework\web\CController.php(292): CFilterChain->run()
#10 D:\xampp\htdocs\yii\framework\web\CController.php(266): CController->runActionWithFilters(Object(CInlineAction), Array)
#11 D:\xampp\htdocs\yii\framework\web\CWebApplication.php(283): CController->run('notify')
#12 D:\xampp\htdocs\yii\framework\web\CWebApplication.php(142): CWebApplication->runController('ajax/notify')
#13 D:\xampp\htdocs\yii\framework\base\CApplication.php(162): CWebApplication->processRequest()
#14 D:\xampp\htdocs\sa-new\index.php(13): CApplication->run()
#15 {main}
REQUEST_URI=/sa-new/ajax/notify
HTTP_REFERER=http://192.168.3.25/sa-new/report/performancelist
---
2019/06/13 16:16:27 [error] [system.db.CDbCommand] CDbCommand::fetchAll() failed: SQLSTATE[42S02]: Base table or view not found: 1146 Table 'swoperdev.swo_notification' doesn't exist. The SQL statement executed was: select a.note_type, count(a.id) as num
				from swoperdev.swo_notification a, swoperdev.swo_notification_user b 
				where b.username='test' and a.system_id='sal'
				and a.id=b.note_id and b.status<>'C'
				group by a.note_type
			.
in D:\xampp\htdocs\sa-new\protected\controllers\AjaxController.php (134)
in D:\xampp\htdocs\sa-new\index.php (13)
2019/06/13 16:16:27 [error] [exception.CDbException] exception 'CDbException' with message 'CDbCommand 无法执行 SQL 语句: SQLSTATE[42S02]: Base table or view not found: 1146 Table 'swoperdev.swo_notification' doesn't exist. The SQL statement executed was: select a.note_type, count(a.id) as num
				from swoperdev.swo_notification a, swoperdev.swo_notification_user b 
				where b.username='test' and a.system_id='sal'
				and a.id=b.note_id and b.status<>'C'
				group by a.note_type
			' in D:\xampp\htdocs\yii\framework\db\CDbCommand.php:528
Stack trace:
#0 D:\xampp\htdocs\yii\framework\db\CDbCommand.php(390): CDbCommand->queryInternal('fetchAll', Array, Array)
#1 D:\xampp\htdocs\sa-new\protected\controllers\AjaxController.php(134): CDbCommand->queryAll()
#2 D:\xampp\htdocs\yii\framework\web\actions\CInlineAction.php(50): AjaxController->actionNotify()
#3 D:\xampp\htdocs\yii\framework\web\CController.php(309): CInlineAction->runWithParams(Array)
#4 D:\xampp\htdocs\yii\framework\web\filters\CFilterChain.php(134): CController->runAction(Object(CInlineAction))
#5 D:\xampp\htdocs\yii\framework\web\filters\CFilter.php(41): CFilterChain->run()
#6 D:\xampp\htdocs\yii\framework\web\CController.php(1146): CFilter->filter(Object(CFilterChain))
#7 D:\xampp\htdocs\yii\framework\web\filters\CInlineFilter.php(59): CController->filterAccessControl(Object(CFilterChain))
#8 D:\xampp\htdocs\yii\framework\web\filters\CFilterChain.php(131): CInlineFilter->filter(Object(CFilterChain))
#9 D:\xampp\htdocs\yii\framework\web\CController.php(292): CFilterChain->run()
#10 D:\xampp\htdocs\yii\framework\web\CController.php(266): CController->runActionWithFilters(Object(CInlineAction), Array)
#11 D:\xampp\htdocs\yii\framework\web\CWebApplication.php(283): CController->run('notify')
#12 D:\xampp\htdocs\yii\framework\web\CWebApplication.php(142): CWebApplication->runController('ajax/notify')
#13 D:\xampp\htdocs\yii\framework\base\CApplication.php(162): CWebApplication->processRequest()
#14 D:\xampp\htdocs\sa-new\index.php(13): CApplication->run()
#15 {main}
REQUEST_URI=/sa-new/ajax/notify
HTTP_REFERER=http://192.168.3.25/sa-new/report/performancelist
---
2019/06/13 16:18:50 [error] [system.db.CDbCommand] CDbCommand::fetchAll() failed: SQLSTATE[42S02]: Base table or view not found: 1146 Table 'swoperdev.swo_notification' doesn't exist. The SQL statement executed was: select a.note_type, count(a.id) as num
				from swoperdev.swo_notification a, swoperdev.swo_notification_user b 
				where b.username='test' and a.system_id='sal'
				and a.id=b.note_id and b.status<>'C'
				group by a.note_type
			.
in D:\xampp\htdocs\sa-new\protected\controllers\AjaxController.php (134)
in D:\xampp\htdocs\sa-new\index.php (13)
2019/06/13 16:18:50 [error] [exception.CDbException] exception 'CDbException' with message 'CDbCommand 无法执行 SQL 语句: SQLSTATE[42S02]: Base table or view not found: 1146 Table 'swoperdev.swo_notification' doesn't exist. The SQL statement executed was: select a.note_type, count(a.id) as num
				from swoperdev.swo_notification a, swoperdev.swo_notification_user b 
				where b.username='test' and a.system_id='sal'
				and a.id=b.note_id and b.status<>'C'
				group by a.note_type
			' in D:\xampp\htdocs\yii\framework\db\CDbCommand.php:528
Stack trace:
#0 D:\xampp\htdocs\yii\framework\db\CDbCommand.php(390): CDbCommand->queryInternal('fetchAll', Array, Array)
#1 D:\xampp\htdocs\sa-new\protected\controllers\AjaxController.php(134): CDbCommand->queryAll()
#2 D:\xampp\htdocs\yii\framework\web\actions\CInlineAction.php(50): AjaxController->actionNotify()
#3 D:\xampp\htdocs\yii\framework\web\CController.php(309): CInlineAction->runWithParams(Array)
#4 D:\xampp\htdocs\yii\framework\web\filters\CFilterChain.php(134): CController->runAction(Object(CInlineAction))
#5 D:\xampp\htdocs\yii\framework\web\filters\CFilter.php(41): CFilterChain->run()
#6 D:\xampp\htdocs\yii\framework\web\CController.php(1146): CFilter->filter(Object(CFilterChain))
#7 D:\xampp\htdocs\yii\framework\web\filters\CInlineFilter.php(59): CController->filterAccessControl(Object(CFilterChain))
#8 D:\xampp\htdocs\yii\framework\web\filters\CFilterChain.php(131): CInlineFilter->filter(Object(CFilterChain))
#9 D:\xampp\htdocs\yii\framework\web\CController.php(292): CFilterChain->run()
#10 D:\xampp\htdocs\yii\framework\web\CController.php(266): CController->runActionWithFilters(Object(CInlineAction), Array)
#11 D:\xampp\htdocs\yii\framework\web\CWebApplication.php(283): CController->run('notify')
#12 D:\xampp\htdocs\yii\framework\web\CWebApplication.php(142): CWebApplication->runController('ajax/notify')
#13 D:\xampp\htdocs\yii\framework\base\CApplication.php(162): CWebApplication->processRequest()
#14 D:\xampp\htdocs\sa-new\index.php(13): CApplication->run()
#15 {main}
REQUEST_URI=/sa-new/ajax/notify
HTTP_REFERER=http://192.168.3.25/sa-new/report/performancelist
---
2019/06/13 16:18:52 [error] [system.db.CDbCommand] CDbCommand::fetchAll() failed: SQLSTATE[42S02]: Base table or view not found: 1146 Table 'swoperdev.swo_notification' doesn't exist. The SQL statement executed was: select a.note_type, count(a.id) as num
				from swoperdev.swo_notification a, swoperdev.swo_notification_user b 
				where b.username='test' and a.system_id='sal'
				and a.id=b.note_id and b.status<>'C'
				group by a.note_type
			.
in D:\xampp\htdocs\sa-new\protected\controllers\AjaxController.php (134)
in D:\xampp\htdocs\sa-new\index.php (13)
2019/06/13 16:18:52 [error] [exception.CDbException] exception 'CDbException' with message 'CDbCommand 无法执行 SQL 语句: SQLSTATE[42S02]: Base table or view not found: 1146 Table 'swoperdev.swo_notification' doesn't exist. The SQL statement executed was: select a.note_type, count(a.id) as num
				from swoperdev.swo_notification a, swoperdev.swo_notification_user b 
				where b.username='test' and a.system_id='sal'
				and a.id=b.note_id and b.status<>'C'
				group by a.note_type
			' in D:\xampp\htdocs\yii\framework\db\CDbCommand.php:528
Stack trace:
#0 D:\xampp\htdocs\yii\framework\db\CDbCommand.php(390): CDbCommand->queryInternal('fetchAll', Array, Array)
#1 D:\xampp\htdocs\sa-new\protected\controllers\AjaxController.php(134): CDbCommand->queryAll()
#2 D:\xampp\htdocs\yii\framework\web\actions\CInlineAction.php(50): AjaxController->actionNotify()
#3 D:\xampp\htdocs\yii\framework\web\CController.php(309): CInlineAction->runWithParams(Array)
#4 D:\xampp\htdocs\yii\framework\web\filters\CFilterChain.php(134): CController->runAction(Object(CInlineAction))
#5 D:\xampp\htdocs\yii\framework\web\filters\CFilter.php(41): CFilterChain->run()
#6 D:\xampp\htdocs\yii\framework\web\CController.php(1146): CFilter->filter(Object(CFilterChain))
#7 D:\xampp\htdocs\yii\framework\web\filters\CInlineFilter.php(59): CController->filterAccessControl(Object(CFilterChain))
#8 D:\xampp\htdocs\yii\framework\web\filters\CFilterChain.php(131): CInlineFilter->filter(Object(CFilterChain))
#9 D:\xampp\htdocs\yii\framework\web\CController.php(292): CFilterChain->run()
#10 D:\xampp\htdocs\yii\framework\web\CController.php(266): CController->runActionWithFilters(Object(CInlineAction), Array)
#11 D:\xampp\htdocs\yii\framework\web\CWebApplication.php(283): CController->run('notify')
#12 D:\xampp\htdocs\yii\framework\web\CWebApplication.php(142): CWebApplication->runController('ajax/notify')
#13 D:\xampp\htdocs\yii\framework\base\CApplication.php(162): CWebApplication->processRequest()
#14 D:\xampp\htdocs\sa-new\index.php(13): CApplication->run()
#15 {main}
REQUEST_URI=/sa-new/ajax/notify
HTTP_REFERER=http://192.168.3.25/sa-new/report/performancelist
---
